\BOOKMARK [0][-]{chapter.1}{\376\377\000D\000o\000c\000u\000m\000e\000n\000t\000a\000t\000i\000o\000n}{}% 1
\BOOKMARK [0][-]{chapter.2}{\376\377\000M\000o\000d\000u\000l\000e\000\040\000I\000n\000d\000e\000x}{}% 2
\BOOKMARK [1][-]{section.2.1}{\376\377\000M\000o\000d\000u\000l\000e\000s}{chapter.2}% 3
\BOOKMARK [0][-]{chapter.3}{\376\377\000M\000o\000d\000u\000l\000e\000\040\000D\000o\000c\000u\000m\000e\000n\000t\000a\000t\000i\000o\000n}{}% 4
\BOOKMARK [1][-]{section.3.1}{\376\377\000G\000e\000n\000e\000r\000a\000l}{chapter.3}% 5
\BOOKMARK [2][-]{subsection.3.1.1}{\376\377\000D\000e\000t\000a\000i\000l\000e\000d\000\040\000D\000e\000s\000c\000r\000i\000p\000t\000i\000o\000n}{section.3.1}% 6
\BOOKMARK [2][-]{subsection.3.1.2}{\376\377\000F\000u\000n\000c\000t\000i\000o\000n\000\040\000D\000o\000c\000u\000m\000e\000n\000t\000a\000t\000i\000o\000n}{section.3.1}% 7
\BOOKMARK [3][-]{subsubsection.3.1.2.1}{\376\377\000c\000u\000s\000t\000o\000m\000M\000e\000s\000s\000a\000g\000e}{subsection.3.1.2}% 8
\BOOKMARK [3][-]{subsubsection.3.1.2.2}{\376\377\000l\000i\000t\000t\000l\000e\000W\000i\000r\000e\000\137\000c\000o\000n\000n\000e\000c\000t}{subsection.3.1.2}% 9
\BOOKMARK [3][-]{subsubsection.3.1.2.3}{\376\377\000l\000i\000t\000t\000l\000e\000W\000i\000r\000e\000\137\000e\000r\000r\000o\000r}{subsection.3.1.2}% 10
\BOOKMARK [3][-]{subsubsection.3.1.2.4}{\376\377\000l\000i\000t\000t\000l\000e\000W\000i\000r\000e\000\137\000e\000r\000r\000o\000r\000N\000a\000m\000e}{subsection.3.1.2}% 11
\BOOKMARK [3][-]{subsubsection.3.1.2.5}{\376\377\000r\000e\000a\000d\000F\000i\000r\000m\000w\000a\000r\000e\000V\000e\000r\000s\000i\000o\000n}{subsection.3.1.2}% 12
\BOOKMARK [1][-]{section.3.2}{\376\377\000G\000P\000I\000O}{chapter.3}% 13
\BOOKMARK [2][-]{subsection.3.2.1}{\376\377\000D\000e\000t\000a\000i\000l\000e\000d\000\040\000D\000e\000s\000c\000r\000i\000p\000t\000i\000o\000n}{section.3.2}% 14
\BOOKMARK [2][-]{subsection.3.2.2}{\376\377\000F\000u\000n\000c\000t\000i\000o\000n\000\040\000D\000o\000c\000u\000m\000e\000n\000t\000a\000t\000i\000o\000n}{section.3.2}% 15
\BOOKMARK [3][-]{subsubsection.3.2.2.1}{\376\377\000d\000i\000g\000i\000t\000a\000l\000R\000e\000a\000d}{subsection.3.2.2}% 16
\BOOKMARK [3][-]{subsubsection.3.2.2.2}{\376\377\000d\000i\000g\000i\000t\000a\000l\000W\000r\000i\000t\000e}{subsection.3.2.2}% 17
\BOOKMARK [3][-]{subsubsection.3.2.2.3}{\376\377\000i\000n\000t\000e\000r\000n\000a\000l\000P\000u\000l\000l\000u\000p}{subsection.3.2.2}% 18
\BOOKMARK [3][-]{subsubsection.3.2.2.4}{\376\377\000p\000i\000n\000M\000o\000d\000e}{subsection.3.2.2}% 19
\BOOKMARK [1][-]{section.3.3}{\376\377\000A\000D\000C}{chapter.3}% 20
\BOOKMARK [2][-]{subsection.3.3.1}{\376\377\000D\000e\000t\000a\000i\000l\000e\000d\000\040\000D\000e\000s\000c\000r\000i\000p\000t\000i\000o\000n}{section.3.3}% 21
\BOOKMARK [2][-]{subsection.3.3.2}{\376\377\000F\000u\000n\000c\000t\000i\000o\000n\000\040\000D\000o\000c\000u\000m\000e\000n\000t\000a\000t\000i\000o\000n}{section.3.3}% 22
\BOOKMARK [3][-]{subsubsection.3.3.2.1}{\376\377\000a\000n\000a\000l\000o\000g\000\137\000i\000n\000i\000t}{subsection.3.3.2}% 23
\BOOKMARK [3][-]{subsubsection.3.3.2.2}{\376\377\000a\000n\000a\000l\000o\000g\000R\000e\000a\000d}{subsection.3.3.2}% 24
\BOOKMARK [1][-]{section.3.4}{\376\377\000P\000W\000M}{chapter.3}% 25
\BOOKMARK [2][-]{subsection.3.4.1}{\376\377\000D\000e\000t\000a\000i\000l\000e\000d\000\040\000D\000e\000s\000c\000r\000i\000p\000t\000i\000o\000n}{section.3.4}% 26
\BOOKMARK [2][-]{subsection.3.4.2}{\376\377\000F\000u\000n\000c\000t\000i\000o\000n\000\040\000D\000o\000c\000u\000m\000e\000n\000t\000a\000t\000i\000o\000n}{section.3.4}% 27
\BOOKMARK [3][-]{subsubsection.3.4.2.1}{\376\377\000p\000w\000m\000\137\000i\000n\000i\000t}{subsection.3.4.2}% 28
\BOOKMARK [3][-]{subsubsection.3.4.2.2}{\376\377\000p\000w\000m\000\137\000s\000t\000o\000p}{subsection.3.4.2}% 29
\BOOKMARK [3][-]{subsubsection.3.4.2.3}{\376\377\000p\000w\000m\000\137\000u\000p\000d\000a\000t\000e\000C\000o\000m\000p\000a\000r\000e}{subsection.3.4.2}% 30
\BOOKMARK [3][-]{subsubsection.3.4.2.4}{\376\377\000p\000w\000m\000\137\000u\000p\000d\000a\000t\000e\000P\000r\000e\000s\000c\000a\000l\000e\000r}{subsection.3.4.2}% 31
\BOOKMARK [1][-]{section.3.5}{\376\377\000S\000P\000I}{chapter.3}% 32
\BOOKMARK [2][-]{subsection.3.5.1}{\376\377\000D\000e\000t\000a\000i\000l\000e\000d\000\040\000D\000e\000s\000c\000r\000i\000p\000t\000i\000o\000n}{section.3.5}% 33
\BOOKMARK [2][-]{subsection.3.5.2}{\376\377\000F\000u\000n\000c\000t\000i\000o\000n\000\040\000D\000o\000c\000u\000m\000e\000n\000t\000a\000t\000i\000o\000n}{section.3.5}% 34
\BOOKMARK [3][-]{subsubsection.3.5.2.1}{\376\377\000d\000e\000b\000u\000g\000S\000p\000i}{subsection.3.5.2}% 35
\BOOKMARK [3][-]{subsubsection.3.5.2.2}{\376\377\000s\000p\000i\000\137\000i\000n\000i\000t}{subsection.3.5.2}% 36
\BOOKMARK [3][-]{subsubsection.3.5.2.3}{\376\377\000s\000p\000i\000\137\000s\000e\000n\000d\000M\000e\000s\000s\000a\000g\000e}{subsection.3.5.2}% 37
\BOOKMARK [3][-]{subsubsection.3.5.2.4}{\376\377\000s\000p\000i\000\137\000u\000p\000d\000a\000t\000e\000D\000e\000l\000a\000y}{subsection.3.5.2}% 38
\BOOKMARK [1][-]{section.3.6}{\376\377\000I\0002\000C}{chapter.3}% 39
\BOOKMARK [2][-]{subsection.3.6.1}{\376\377\000D\000e\000t\000a\000i\000l\000e\000d\000\040\000D\000e\000s\000c\000r\000i\000p\000t\000i\000o\000n}{section.3.6}% 40
\BOOKMARK [2][-]{subsection.3.6.2}{\376\377\000F\000u\000n\000c\000t\000i\000o\000n\000\040\000D\000o\000c\000u\000m\000e\000n\000t\000a\000t\000i\000o\000n}{section.3.6}% 41
\BOOKMARK [3][-]{subsubsection.3.6.2.1}{\376\377\000i\0002\000c\000\137\000i\000n\000i\000t}{subsection.3.6.2}% 42
\BOOKMARK [3][-]{subsubsection.3.6.2.2}{\376\377\000i\0002\000c\000\137\000r\000e\000a\000d}{subsection.3.6.2}% 43
\BOOKMARK [3][-]{subsubsection.3.6.2.3}{\376\377\000i\0002\000c\000\137\000s\000t\000a\000r\000t}{subsection.3.6.2}% 44
\BOOKMARK [3][-]{subsubsection.3.6.2.4}{\376\377\000i\0002\000c\000\137\000u\000p\000d\000a\000t\000e\000D\000e\000l\000a\000y}{subsection.3.6.2}% 45
\BOOKMARK [3][-]{subsubsection.3.6.2.5}{\376\377\000i\0002\000c\000\137\000w\000r\000i\000t\000e}{subsection.3.6.2}% 46
\BOOKMARK [1][-]{section.3.7}{\376\377\000O\000n\000e\000w\000i\000r\000e}{chapter.3}% 47
\BOOKMARK [2][-]{subsection.3.7.1}{\376\377\000D\000e\000t\000a\000i\000l\000e\000d\000\040\000D\000e\000s\000c\000r\000i\000p\000t\000i\000o\000n}{section.3.7}% 48
\BOOKMARK [2][-]{subsection.3.7.2}{\376\377\000F\000u\000n\000c\000t\000i\000o\000n\000\040\000D\000o\000c\000u\000m\000e\000n\000t\000a\000t\000i\000o\000n}{section.3.7}% 49
\BOOKMARK [3][-]{subsubsection.3.7.2.1}{\376\377\000o\000n\000e\000w\000i\000r\000e\000\137\000f\000i\000r\000s\000t\000A\000d\000d\000r\000e\000s\000s}{subsection.3.7.2}% 50
\BOOKMARK [3][-]{subsubsection.3.7.2.2}{\376\377\000o\000n\000e\000w\000i\000r\000e\000\137\000n\000e\000x\000t\000A\000d\000d\000r\000e\000s\000s}{subsection.3.7.2}% 51
\BOOKMARK [3][-]{subsubsection.3.7.2.3}{\376\377\000o\000n\000e\000w\000i\000r\000e\000\137\000r\000e\000a\000d\000B\000i\000t}{subsection.3.7.2}% 52
\BOOKMARK [3][-]{subsubsection.3.7.2.4}{\376\377\000o\000n\000e\000w\000i\000r\000e\000\137\000r\000e\000a\000d\000B\000y\000t\000e}{subsection.3.7.2}% 53
\BOOKMARK [3][-]{subsubsection.3.7.2.5}{\376\377\000o\000n\000e\000w\000i\000r\000e\000\137\000r\000e\000s\000e\000t\000P\000u\000l\000s\000e}{subsection.3.7.2}% 54
\BOOKMARK [3][-]{subsubsection.3.7.2.6}{\376\377\000o\000n\000e\000w\000i\000r\000e\000\137\000s\000e\000n\000d\000B\000i\000t}{subsection.3.7.2}% 55
\BOOKMARK [3][-]{subsubsection.3.7.2.7}{\376\377\000o\000n\000e\000w\000i\000r\000e\000\137\000w\000r\000i\000t\000e\000B\000y\000t\000e}{subsection.3.7.2}% 56
\BOOKMARK [1][-]{section.3.8}{\376\377\000S\000O\000F\000T\000\137\000P\000W\000M}{chapter.3}% 57
\BOOKMARK [2][-]{subsection.3.8.1}{\376\377\000D\000e\000t\000a\000i\000l\000e\000d\000\040\000D\000e\000s\000c\000r\000i\000p\000t\000i\000o\000n}{section.3.8}% 58
\BOOKMARK [2][-]{subsection.3.8.2}{\376\377\000F\000u\000n\000c\000t\000i\000o\000n\000\040\000D\000o\000c\000u\000m\000e\000n\000t\000a\000t\000i\000o\000n}{section.3.8}% 59
\BOOKMARK [3][-]{subsubsection.3.8.2.1}{\376\377\000s\000o\000f\000t\000P\000W\000M\000\137\000s\000t\000a\000t\000e}{subsection.3.8.2}% 60
\BOOKMARK [3][-]{subsubsection.3.8.2.2}{\376\377\000s\000o\000f\000t\000P\000W\000M\000\137\000w\000r\000i\000t\000e}{subsection.3.8.2}% 61
\BOOKMARK [1][-]{section.3.9}{\376\377\000S\000e\000r\000v\000o}{chapter.3}% 62
\BOOKMARK [2][-]{subsection.3.9.1}{\376\377\000D\000e\000t\000a\000i\000l\000e\000d\000\040\000D\000e\000s\000c\000r\000i\000p\000t\000i\000o\000n}{section.3.9}% 63
\BOOKMARK [2][-]{subsection.3.9.2}{\376\377\000F\000u\000n\000c\000t\000i\000o\000n\000\040\000D\000o\000c\000u\000m\000e\000n\000t\000a\000t\000i\000o\000n}{section.3.9}% 64
\BOOKMARK [3][-]{subsubsection.3.9.2.1}{\376\377\000s\000e\000r\000v\000o\000\137\000i\000n\000i\000t}{subsection.3.9.2}% 65
\BOOKMARK [3][-]{subsubsection.3.9.2.2}{\376\377\000s\000e\000r\000v\000o\000\137\000u\000p\000d\000a\000t\000e\000L\000o\000c\000a\000t\000i\000o\000n}{subsection.3.9.2}% 66
\BOOKMARK [-1][-]{table.3.34}{\376\377\000I\000n\000d\000e\000x}{}% 67
